{
  "title": "",
  "ctx": null,
  "suites": [
    {
      "title": "Generic Test Suite",
      "ctx": null,
      "suites": [
        {
          "title": "example-sdk",
          "ctx": null,
          "suites": [],
          "tests": [
            {
              "type": "test",
              "title": "Requirement 1: The credential must have a valid identifier (Valid)",
              "body": "async function() {\n          if (!features[requiredFeature]) {\n            console.log(`Skipping test \"${testName}\" for ${i.name} due to missing feature: ${requiredFeature}`);\n            this.skip();\n            return;\n          }\n\n          console.log(`Running test: ${testName} for implementation: ${i.name}`);\n          await generateTestResults(i.name, testConfig);\n          this.test.cell = {columnId: i.name, rowId: testName};\n          const result = await checkTestResults(i.name, testConfig);\n          console.log(`Test result for ${i.name} - ${testName}: ${result}`);\n          should.equal(result, testConfig.expected_result);\n\n          // Log the test result in a format that matches the report generator's expectations\n          console.log(`Reporter data: ${this.test.cell.columnId},${this.test.cell.rowId},${result}`);\n        }",
              "async": 0,
              "sync": true,
              "_timeout": 150000,
              "_slow": 75,
              "_retries": -1,
              "timedOut": false,
              "_currentRetry": 0,
              "pending": false,
              "file": "/home/runner/work/vc-test-suite-template/vc-test-suite-template/tests/test-runner.js",
              "parent": "Z78JxbhFJbFVIdqBAxC9s",
              "ctx": null,
              "_testId": "urn:uuid:efe28f6b-f965-4a8c-a224-7edad1d43c98",
              "_events": {},
              "_eventsCount": 1,
              "timer": {
                "_idleTimeout": -1,
                "_idlePrev": null,
                "_idleNext": null,
                "_idleStart": 32570,
                "_onTimeout": null,
                "_repeat": null,
                "_destroyed": true
              },
              "cell": {
                "columnId": "example-sdk",
                "rowId": "Requirement 1: The credential must have a valid identifier (Valid)"
              },
              "duration": 32522,
              "state": "passed",
              "speed": "slow"
            },
            {
              "type": "test",
              "title": "Requirement 1: The credential must have a valid identifier (Invalid)",
              "body": "async function() {\n          if (!features[requiredFeature]) {\n            console.log(`Skipping test \"${testName}\" for ${i.name} due to missing feature: ${requiredFeature}`);\n            this.skip();\n            return;\n          }\n\n          console.log(`Running test: ${testName} for implementation: ${i.name}`);\n          await generateTestResults(i.name, testConfig);\n          this.test.cell = {columnId: i.name, rowId: testName};\n          const result = await checkTestResults(i.name, testConfig);\n          console.log(`Test result for ${i.name} - ${testName}: ${result}`);\n          should.equal(result, testConfig.expected_result);\n\n          // Log the test result in a format that matches the report generator's expectations\n          console.log(`Reporter data: ${this.test.cell.columnId},${this.test.cell.rowId},${result}`);\n        }",
              "async": 0,
              "sync": true,
              "_timeout": 150000,
              "_slow": 75,
              "_retries": -1,
              "timedOut": false,
              "_currentRetry": 0,
              "pending": false,
              "file": "/home/runner/work/vc-test-suite-template/vc-test-suite-template/tests/test-runner.js",
              "parent": "Z78JxbhFJbFVIdqBAxC9s",
              "ctx": null,
              "_testId": "urn:uuid:a5c958df-acef-40cf-8f56-f10d62036368",
              "_events": {},
              "_eventsCount": 1,
              "timer": {
                "_idleTimeout": -1,
                "_idlePrev": null,
                "_idleNext": null,
                "_idleStart": 33667,
                "_onTimeout": null,
                "_repeat": null,
                "_destroyed": true
              },
              "cell": {
                "columnId": "example-sdk",
                "rowId": "Requirement 1: The credential must have a valid identifier (Invalid)"
              },
              "duration": 1094,
              "state": "passed",
              "speed": "slow"
            },
            {
              "type": "test",
              "title": "Requirement 2: The credential must have the correct type (Valid)",
              "body": "async function() {\n          if (!features[requiredFeature]) {\n            console.log(`Skipping test \"${testName}\" for ${i.name} due to missing feature: ${requiredFeature}`);\n            this.skip();\n            return;\n          }\n\n          console.log(`Running test: ${testName} for implementation: ${i.name}`);\n          await generateTestResults(i.name, testConfig);\n          this.test.cell = {columnId: i.name, rowId: testName};\n          const result = await checkTestResults(i.name, testConfig);\n          console.log(`Test result for ${i.name} - ${testName}: ${result}`);\n          should.equal(result, testConfig.expected_result);\n\n          // Log the test result in a format that matches the report generator's expectations\n          console.log(`Reporter data: ${this.test.cell.columnId},${this.test.cell.rowId},${result}`);\n        }",
              "async": 0,
              "sync": true,
              "_timeout": 150000,
              "_slow": 75,
              "_retries": -1,
              "timedOut": false,
              "_currentRetry": 0,
              "pending": false,
              "file": "/home/runner/work/vc-test-suite-template/vc-test-suite-template/tests/test-runner.js",
              "parent": "Z78JxbhFJbFVIdqBAxC9s",
              "ctx": null,
              "_testId": "urn:uuid:ef672589-57a6-4cbd-8800-49068c93133d",
              "_events": {},
              "_eventsCount": 1,
              "timer": {
                "_idleTimeout": -1,
                "_idlePrev": null,
                "_idleNext": null,
                "_idleStart": 34764,
                "_onTimeout": null,
                "_repeat": null,
                "_destroyed": true
              },
              "cell": {
                "columnId": "example-sdk",
                "rowId": "Requirement 2: The credential must have the correct type (Valid)"
              },
              "duration": 1097,
              "state": "passed",
              "speed": "slow"
            },
            {
              "type": "test",
              "title": "Requirement 2: The credential must have the correct type (Invalid)",
              "body": "async function() {\n          if (!features[requiredFeature]) {\n            console.log(`Skipping test \"${testName}\" for ${i.name} due to missing feature: ${requiredFeature}`);\n            this.skip();\n            return;\n          }\n\n          console.log(`Running test: ${testName} for implementation: ${i.name}`);\n          await generateTestResults(i.name, testConfig);\n          this.test.cell = {columnId: i.name, rowId: testName};\n          const result = await checkTestResults(i.name, testConfig);\n          console.log(`Test result for ${i.name} - ${testName}: ${result}`);\n          should.equal(result, testConfig.expected_result);\n\n          // Log the test result in a format that matches the report generator's expectations\n          console.log(`Reporter data: ${this.test.cell.columnId},${this.test.cell.rowId},${result}`);\n        }",
              "async": 0,
              "sync": true,
              "_timeout": 150000,
              "_slow": 75,
              "_retries": -1,
              "timedOut": false,
              "_currentRetry": 0,
              "pending": false,
              "file": "/home/runner/work/vc-test-suite-template/vc-test-suite-template/tests/test-runner.js",
              "parent": "Z78JxbhFJbFVIdqBAxC9s",
              "ctx": null,
              "_testId": "urn:uuid:612f9dab-0407-471f-bc30-8c89ae5e06b3",
              "_events": {},
              "_eventsCount": 1,
              "timer": {
                "_idleTimeout": -1,
                "_idlePrev": null,
                "_idleNext": null,
                "_idleStart": 35885,
                "_onTimeout": null,
                "_repeat": null,
                "_destroyed": true
              },
              "cell": {
                "columnId": "example-sdk",
                "rowId": "Requirement 2: The credential must have the correct type (Invalid)"
              },
              "duration": 1120,
              "state": "passed",
              "speed": "slow"
            },
            {
              "type": "test",
              "title": "Requirement 3: The credential must have a valid issuance date (Valid)",
              "body": "async function() {\n          if (!features[requiredFeature]) {\n            console.log(`Skipping test \"${testName}\" for ${i.name} due to missing feature: ${requiredFeature}`);\n            this.skip();\n            return;\n          }\n\n          console.log(`Running test: ${testName} for implementation: ${i.name}`);\n          await generateTestResults(i.name, testConfig);\n          this.test.cell = {columnId: i.name, rowId: testName};\n          const result = await checkTestResults(i.name, testConfig);\n          console.log(`Test result for ${i.name} - ${testName}: ${result}`);\n          should.equal(result, testConfig.expected_result);\n\n          // Log the test result in a format that matches the report generator's expectations\n          console.log(`Reporter data: ${this.test.cell.columnId},${this.test.cell.rowId},${result}`);\n        }",
              "async": 0,
              "sync": true,
              "_timeout": 150000,
              "_slow": 75,
              "_retries": -1,
              "timedOut": false,
              "_currentRetry": 0,
              "pending": false,
              "file": "/home/runner/work/vc-test-suite-template/vc-test-suite-template/tests/test-runner.js",
              "parent": "Z78JxbhFJbFVIdqBAxC9s",
              "ctx": null,
              "_testId": "urn:uuid:99262e8e-87e3-46d6-94fc-821d690d56e5",
              "_events": {},
              "_eventsCount": 1,
              "timer": {
                "_idleTimeout": -1,
                "_idlePrev": null,
                "_idleNext": null,
                "_idleStart": 37009,
                "_onTimeout": null,
                "_repeat": null,
                "_destroyed": true
              },
              "cell": {
                "columnId": "example-sdk",
                "rowId": "Requirement 3: The credential must have a valid issuance date (Valid)"
              },
              "duration": 1124,
              "state": "passed",
              "speed": "slow"
            },
            {
              "type": "test",
              "title": "Requirement 3: The credential must have a valid issuance date (Invalid)",
              "body": "async function() {\n          if (!features[requiredFeature]) {\n            console.log(`Skipping test \"${testName}\" for ${i.name} due to missing feature: ${requiredFeature}`);\n            this.skip();\n            return;\n          }\n\n          console.log(`Running test: ${testName} for implementation: ${i.name}`);\n          await generateTestResults(i.name, testConfig);\n          this.test.cell = {columnId: i.name, rowId: testName};\n          const result = await checkTestResults(i.name, testConfig);\n          console.log(`Test result for ${i.name} - ${testName}: ${result}`);\n          should.equal(result, testConfig.expected_result);\n\n          // Log the test result in a format that matches the report generator's expectations\n          console.log(`Reporter data: ${this.test.cell.columnId},${this.test.cell.rowId},${result}`);\n        }",
              "async": 0,
              "sync": true,
              "_timeout": 150000,
              "_slow": 75,
              "_retries": -1,
              "timedOut": false,
              "_currentRetry": 0,
              "pending": false,
              "file": "/home/runner/work/vc-test-suite-template/vc-test-suite-template/tests/test-runner.js",
              "parent": "Z78JxbhFJbFVIdqBAxC9s",
              "ctx": null,
              "_testId": "urn:uuid:cac137dc-20e0-4e2a-8a7a-bb90d5ef632d",
              "_events": {},
              "_eventsCount": 1,
              "timer": {
                "_idleTimeout": -1,
                "_idlePrev": null,
                "_idleNext": null,
                "_idleStart": 38120,
                "_onTimeout": null,
                "_repeat": null,
                "_destroyed": true
              },
              "cell": {
                "columnId": "example-sdk",
                "rowId": "Requirement 3: The credential must have a valid issuance date (Invalid)"
              },
              "duration": 1110,
              "state": "passed",
              "speed": "slow"
            }
          ],
          "root": false,
          "pending": false,
          "_retries": -1,
          "_beforeEach": [],
          "_beforeAll": [],
          "_afterEach": [],
          "_afterAll": [],
          "_timeout": 150000,
          "_slow": 75,
          "_bail": false,
          "_onlyTests": [],
          "_onlySuites": [],
          "delayed": false,
          "parent": "C9J9GDd89HD49h_sbGiSI",
          "file": "/home/runner/work/vc-test-suite-template/vc-test-suite-template/tests/test-runner.js",
          "_testId": "urn:uuid:ce5522e4-968f-4a1f-9b57-acb7515e674a"
        },
        {
          "title": "example-server",
          "ctx": null,
          "suites": [],
          "tests": [
            {
              "type": "test",
              "title": "Requirement 1: The credential must have a valid identifier (Valid)",
              "body": "async function() {\n          if (!features[requiredFeature]) {\n            console.log(`Skipping test \"${testName}\" for ${i.name} due to missing feature: ${requiredFeature}`);\n            this.skip();\n            return;\n          }\n\n          console.log(`Running test: ${testName} for implementation: ${i.name}`);\n          await generateTestResults(i.name, testConfig);\n          this.test.cell = {columnId: i.name, rowId: testName};\n          const result = await checkTestResults(i.name, testConfig);\n          console.log(`Test result for ${i.name} - ${testName}: ${result}`);\n          should.equal(result, testConfig.expected_result);\n\n          // Log the test result in a format that matches the report generator's expectations\n          console.log(`Reporter data: ${this.test.cell.columnId},${this.test.cell.rowId},${result}`);\n        }",
              "async": 0,
              "sync": true,
              "_timeout": 150000,
              "_slow": 75,
              "_retries": -1,
              "timedOut": false,
              "_currentRetry": 0,
              "pending": false,
              "file": "/home/runner/work/vc-test-suite-template/vc-test-suite-template/tests/test-runner.js",
              "parent": "veREcfCJWyNUD1gzJgeqG",
              "ctx": null,
              "_testId": "urn:uuid:6ae24849-33c6-489b-8683-78a9aff229b9",
              "_events": {},
              "_eventsCount": 1,
              "timer": {
                "_idleTimeout": -1,
                "_idlePrev": null,
                "_idleNext": null,
                "_idleStart": 66929,
                "_onTimeout": null,
                "_repeat": null,
                "_destroyed": true
              },
              "cell": {
                "columnId": "example-server",
                "rowId": "Requirement 1: The credential must have a valid identifier (Valid)"
              },
              "duration": 28808,
              "state": "passed",
              "speed": "slow"
            },
            {
              "type": "test",
              "title": "Requirement 1: The credential must have a valid identifier (Invalid)",
              "body": "async function() {\n          if (!features[requiredFeature]) {\n            console.log(`Skipping test \"${testName}\" for ${i.name} due to missing feature: ${requiredFeature}`);\n            this.skip();\n            return;\n          }\n\n          console.log(`Running test: ${testName} for implementation: ${i.name}`);\n          await generateTestResults(i.name, testConfig);\n          this.test.cell = {columnId: i.name, rowId: testName};\n          const result = await checkTestResults(i.name, testConfig);\n          console.log(`Test result for ${i.name} - ${testName}: ${result}`);\n          should.equal(result, testConfig.expected_result);\n\n          // Log the test result in a format that matches the report generator's expectations\n          console.log(`Reporter data: ${this.test.cell.columnId},${this.test.cell.rowId},${result}`);\n        }",
              "async": 0,
              "sync": true,
              "_timeout": 150000,
              "_slow": 75,
              "_retries": -1,
              "timedOut": false,
              "_currentRetry": 0,
              "pending": false,
              "file": "/home/runner/work/vc-test-suite-template/vc-test-suite-template/tests/test-runner.js",
              "parent": "veREcfCJWyNUD1gzJgeqG",
              "ctx": null,
              "_testId": "urn:uuid:b7b7e516-ef06-4b3d-adcf-4b3431d6a52e",
              "_events": {},
              "_eventsCount": 1,
              "timer": {
                "_idleTimeout": -1,
                "_idlePrev": null,
                "_idleNext": null,
                "_idleStart": 70134,
                "_onTimeout": null,
                "_repeat": null,
                "_destroyed": true
              },
              "cell": {
                "columnId": "example-server",
                "rowId": "Requirement 1: The credential must have a valid identifier (Invalid)"
              },
              "duration": 3205,
              "state": "passed",
              "speed": "slow"
            },
            {
              "type": "test",
              "title": "Requirement 2: The credential must have the correct type (Valid)",
              "body": "async function() {\n          if (!features[requiredFeature]) {\n            console.log(`Skipping test \"${testName}\" for ${i.name} due to missing feature: ${requiredFeature}`);\n            this.skip();\n            return;\n          }\n\n          console.log(`Running test: ${testName} for implementation: ${i.name}`);\n          await generateTestResults(i.name, testConfig);\n          this.test.cell = {columnId: i.name, rowId: testName};\n          const result = await checkTestResults(i.name, testConfig);\n          console.log(`Test result for ${i.name} - ${testName}: ${result}`);\n          should.equal(result, testConfig.expected_result);\n\n          // Log the test result in a format that matches the report generator's expectations\n          console.log(`Reporter data: ${this.test.cell.columnId},${this.test.cell.rowId},${result}`);\n        }",
              "async": 0,
              "sync": true,
              "_timeout": 150000,
              "_slow": 75,
              "_retries": -1,
              "timedOut": false,
              "_currentRetry": 0,
              "pending": true,
              "file": "/home/runner/work/vc-test-suite-template/vc-test-suite-template/tests/test-runner.js",
              "parent": "veREcfCJWyNUD1gzJgeqG",
              "ctx": null,
              "_testId": "urn:uuid:f0d1b407-e598-4d03-b520-7e89cede1f81",
              "_events": {},
              "_eventsCount": 1,
              "timer": {
                "_idleTimeout": -1,
                "_idlePrev": null,
                "_idleNext": null,
                "_idleStart": 70286,
                "_onTimeout": null,
                "_repeat": null,
                "_destroyed": true
              },
              "duration": 0,
              "state": "pending"
            },
            {
              "type": "test",
              "title": "Requirement 2: The credential must have the correct type (Invalid)",
              "body": "async function() {\n          if (!features[requiredFeature]) {\n            console.log(`Skipping test \"${testName}\" for ${i.name} due to missing feature: ${requiredFeature}`);\n            this.skip();\n            return;\n          }\n\n          console.log(`Running test: ${testName} for implementation: ${i.name}`);\n          await generateTestResults(i.name, testConfig);\n          this.test.cell = {columnId: i.name, rowId: testName};\n          const result = await checkTestResults(i.name, testConfig);\n          console.log(`Test result for ${i.name} - ${testName}: ${result}`);\n          should.equal(result, testConfig.expected_result);\n\n          // Log the test result in a format that matches the report generator's expectations\n          console.log(`Reporter data: ${this.test.cell.columnId},${this.test.cell.rowId},${result}`);\n        }",
              "async": 0,
              "sync": true,
              "_timeout": 150000,
              "_slow": 75,
              "_retries": -1,
              "timedOut": false,
              "_currentRetry": 0,
              "pending": true,
              "file": "/home/runner/work/vc-test-suite-template/vc-test-suite-template/tests/test-runner.js",
              "parent": "veREcfCJWyNUD1gzJgeqG",
              "ctx": null,
              "_testId": "urn:uuid:a02d39df-8336-48f6-b331-f533aab0eb17",
              "_events": {},
              "_eventsCount": 1,
              "timer": {
                "_idleTimeout": -1,
                "_idlePrev": null,
                "_idleNext": null,
                "_idleStart": 70286,
                "_onTimeout": null,
                "_repeat": null,
                "_destroyed": true
              },
              "duration": 0,
              "state": "pending"
            },
            {
              "type": "test",
              "title": "Requirement 3: The credential must have a valid issuance date (Valid)",
              "body": "async function() {\n          if (!features[requiredFeature]) {\n            console.log(`Skipping test \"${testName}\" for ${i.name} due to missing feature: ${requiredFeature}`);\n            this.skip();\n            return;\n          }\n\n          console.log(`Running test: ${testName} for implementation: ${i.name}`);\n          await generateTestResults(i.name, testConfig);\n          this.test.cell = {columnId: i.name, rowId: testName};\n          const result = await checkTestResults(i.name, testConfig);\n          console.log(`Test result for ${i.name} - ${testName}: ${result}`);\n          should.equal(result, testConfig.expected_result);\n\n          // Log the test result in a format that matches the report generator's expectations\n          console.log(`Reporter data: ${this.test.cell.columnId},${this.test.cell.rowId},${result}`);\n        }",
              "async": 0,
              "sync": true,
              "_timeout": 150000,
              "_slow": 75,
              "_retries": -1,
              "timedOut": false,
              "_currentRetry": 0,
              "pending": false,
              "file": "/home/runner/work/vc-test-suite-template/vc-test-suite-template/tests/test-runner.js",
              "parent": "veREcfCJWyNUD1gzJgeqG",
              "ctx": null,
              "_testId": "urn:uuid:5615d470-1f7b-4754-b71e-c0ed89efcc3b",
              "_events": {},
              "_eventsCount": 1,
              "timer": {
                "_idleTimeout": -1,
                "_idlePrev": null,
                "_idleNext": null,
                "_idleStart": 73324,
                "_onTimeout": null,
                "_repeat": null,
                "_destroyed": true
              },
              "cell": {
                "columnId": "example-server",
                "rowId": "Requirement 3: The credential must have a valid issuance date (Valid)"
              },
              "duration": 3189,
              "state": "passed",
              "speed": "slow"
            },
            {
              "type": "test",
              "title": "Requirement 3: The credential must have a valid issuance date (Invalid)",
              "body": "async function() {\n          if (!features[requiredFeature]) {\n            console.log(`Skipping test \"${testName}\" for ${i.name} due to missing feature: ${requiredFeature}`);\n            this.skip();\n            return;\n          }\n\n          console.log(`Running test: ${testName} for implementation: ${i.name}`);\n          await generateTestResults(i.name, testConfig);\n          this.test.cell = {columnId: i.name, rowId: testName};\n          const result = await checkTestResults(i.name, testConfig);\n          console.log(`Test result for ${i.name} - ${testName}: ${result}`);\n          should.equal(result, testConfig.expected_result);\n\n          // Log the test result in a format that matches the report generator's expectations\n          console.log(`Reporter data: ${this.test.cell.columnId},${this.test.cell.rowId},${result}`);\n        }",
              "async": 0,
              "sync": true,
              "_timeout": 150000,
              "_slow": 75,
              "_retries": -1,
              "timedOut": false,
              "_currentRetry": 0,
              "pending": false,
              "file": "/home/runner/work/vc-test-suite-template/vc-test-suite-template/tests/test-runner.js",
              "parent": "veREcfCJWyNUD1gzJgeqG",
              "ctx": null,
              "_testId": "urn:uuid:f1f7dfc1-03a5-40fd-871b-91b0e5a56b33",
              "_events": {},
              "_eventsCount": 1,
              "timer": {
                "_idleTimeout": -1,
                "_idlePrev": null,
                "_idleNext": null,
                "_idleStart": 76465,
                "_onTimeout": null,
                "_repeat": null,
                "_destroyed": true
              },
              "cell": {
                "columnId": "example-server",
                "rowId": "Requirement 3: The credential must have a valid issuance date (Invalid)"
              },
              "duration": 3141,
              "state": "passed",
              "speed": "slow"
            }
          ],
          "root": false,
          "pending": false,
          "_retries": -1,
          "_beforeEach": [],
          "_beforeAll": [],
          "_afterEach": [],
          "_afterAll": [],
          "_timeout": 150000,
          "_slow": 75,
          "_bail": false,
          "_onlyTests": [],
          "_onlySuites": [],
          "delayed": false,
          "parent": "C9J9GDd89HD49h_sbGiSI",
          "file": "/home/runner/work/vc-test-suite-template/vc-test-suite-template/tests/test-runner.js",
          "_testId": "urn:uuid:6452715b-d4ce-450f-93fb-88533497cd59"
        }
      ],
      "tests": [
        {
          "type": "test",
          "title": "Requirement 1: The credential must have a valid identifier (Valid)",
          "body": "async function() {\n          if (!features[requiredFeature]) {\n            console.log(`Skipping test \"${testName}\" for ${i.name} due to missing feature: ${requiredFeature}`);\n            this.skip();\n            return;\n          }\n\n          console.log(`Running test: ${testName} for implementation: ${i.name}`);\n          await generateTestResults(i.name, testConfig);\n          this.test.cell = {columnId: i.name, rowId: testName};\n          const result = await checkTestResults(i.name, testConfig);\n          console.log(`Test result for ${i.name} - ${testName}: ${result}`);\n          should.equal(result, testConfig.expected_result);\n\n          // Log the test result in a format that matches the report generator's expectations\n          console.log(`Reporter data: ${this.test.cell.columnId},${this.test.cell.rowId},${result}`);\n        }",
          "async": 0,
          "sync": true,
          "_timeout": 150000,
          "_slow": 75,
          "_retries": -1,
          "timedOut": false,
          "_currentRetry": 0,
          "pending": false,
          "file": "/home/runner/work/vc-test-suite-template/vc-test-suite-template/tests/test-runner.js",
          "parent": "Z78JxbhFJbFVIdqBAxC9s",
          "ctx": null,
          "_testId": "urn:uuid:efe28f6b-f965-4a8c-a224-7edad1d43c98",
          "_events": {},
          "_eventsCount": 1,
          "timer": {
            "_idleTimeout": -1,
            "_idlePrev": null,
            "_idleNext": null,
            "_idleStart": 32570,
            "_onTimeout": null,
            "_repeat": null,
            "_destroyed": true
          },
          "cell": {
            "columnId": "example-sdk",
            "rowId": "Requirement 1: The credential must have a valid identifier (Valid)"
          },
          "duration": 32522,
          "state": "passed",
          "speed": "slow"
        },
        {
          "type": "test",
          "title": "Requirement 1: The credential must have a valid identifier (Invalid)",
          "body": "async function() {\n          if (!features[requiredFeature]) {\n            console.log(`Skipping test \"${testName}\" for ${i.name} due to missing feature: ${requiredFeature}`);\n            this.skip();\n            return;\n          }\n\n          console.log(`Running test: ${testName} for implementation: ${i.name}`);\n          await generateTestResults(i.name, testConfig);\n          this.test.cell = {columnId: i.name, rowId: testName};\n          const result = await checkTestResults(i.name, testConfig);\n          console.log(`Test result for ${i.name} - ${testName}: ${result}`);\n          should.equal(result, testConfig.expected_result);\n\n          // Log the test result in a format that matches the report generator's expectations\n          console.log(`Reporter data: ${this.test.cell.columnId},${this.test.cell.rowId},${result}`);\n        }",
          "async": 0,
          "sync": true,
          "_timeout": 150000,
          "_slow": 75,
          "_retries": -1,
          "timedOut": false,
          "_currentRetry": 0,
          "pending": false,
          "file": "/home/runner/work/vc-test-suite-template/vc-test-suite-template/tests/test-runner.js",
          "parent": "Z78JxbhFJbFVIdqBAxC9s",
          "ctx": null,
          "_testId": "urn:uuid:a5c958df-acef-40cf-8f56-f10d62036368",
          "_events": {},
          "_eventsCount": 1,
          "timer": {
            "_idleTimeout": -1,
            "_idlePrev": null,
            "_idleNext": null,
            "_idleStart": 33667,
            "_onTimeout": null,
            "_repeat": null,
            "_destroyed": true
          },
          "cell": {
            "columnId": "example-sdk",
            "rowId": "Requirement 1: The credential must have a valid identifier (Invalid)"
          },
          "duration": 1094,
          "state": "passed",
          "speed": "slow"
        },
        {
          "type": "test",
          "title": "Requirement 2: The credential must have the correct type (Valid)",
          "body": "async function() {\n          if (!features[requiredFeature]) {\n            console.log(`Skipping test \"${testName}\" for ${i.name} due to missing feature: ${requiredFeature}`);\n            this.skip();\n            return;\n          }\n\n          console.log(`Running test: ${testName} for implementation: ${i.name}`);\n          await generateTestResults(i.name, testConfig);\n          this.test.cell = {columnId: i.name, rowId: testName};\n          const result = await checkTestResults(i.name, testConfig);\n          console.log(`Test result for ${i.name} - ${testName}: ${result}`);\n          should.equal(result, testConfig.expected_result);\n\n          // Log the test result in a format that matches the report generator's expectations\n          console.log(`Reporter data: ${this.test.cell.columnId},${this.test.cell.rowId},${result}`);\n        }",
          "async": 0,
          "sync": true,
          "_timeout": 150000,
          "_slow": 75,
          "_retries": -1,
          "timedOut": false,
          "_currentRetry": 0,
          "pending": false,
          "file": "/home/runner/work/vc-test-suite-template/vc-test-suite-template/tests/test-runner.js",
          "parent": "Z78JxbhFJbFVIdqBAxC9s",
          "ctx": null,
          "_testId": "urn:uuid:ef672589-57a6-4cbd-8800-49068c93133d",
          "_events": {},
          "_eventsCount": 1,
          "timer": {
            "_idleTimeout": -1,
            "_idlePrev": null,
            "_idleNext": null,
            "_idleStart": 34764,
            "_onTimeout": null,
            "_repeat": null,
            "_destroyed": true
          },
          "cell": {
            "columnId": "example-sdk",
            "rowId": "Requirement 2: The credential must have the correct type (Valid)"
          },
          "duration": 1097,
          "state": "passed",
          "speed": "slow"
        },
        {
          "type": "test",
          "title": "Requirement 2: The credential must have the correct type (Invalid)",
          "body": "async function() {\n          if (!features[requiredFeature]) {\n            console.log(`Skipping test \"${testName}\" for ${i.name} due to missing feature: ${requiredFeature}`);\n            this.skip();\n            return;\n          }\n\n          console.log(`Running test: ${testName} for implementation: ${i.name}`);\n          await generateTestResults(i.name, testConfig);\n          this.test.cell = {columnId: i.name, rowId: testName};\n          const result = await checkTestResults(i.name, testConfig);\n          console.log(`Test result for ${i.name} - ${testName}: ${result}`);\n          should.equal(result, testConfig.expected_result);\n\n          // Log the test result in a format that matches the report generator's expectations\n          console.log(`Reporter data: ${this.test.cell.columnId},${this.test.cell.rowId},${result}`);\n        }",
          "async": 0,
          "sync": true,
          "_timeout": 150000,
          "_slow": 75,
          "_retries": -1,
          "timedOut": false,
          "_currentRetry": 0,
          "pending": false,
          "file": "/home/runner/work/vc-test-suite-template/vc-test-suite-template/tests/test-runner.js",
          "parent": "Z78JxbhFJbFVIdqBAxC9s",
          "ctx": null,
          "_testId": "urn:uuid:612f9dab-0407-471f-bc30-8c89ae5e06b3",
          "_events": {},
          "_eventsCount": 1,
          "timer": {
            "_idleTimeout": -1,
            "_idlePrev": null,
            "_idleNext": null,
            "_idleStart": 35885,
            "_onTimeout": null,
            "_repeat": null,
            "_destroyed": true
          },
          "cell": {
            "columnId": "example-sdk",
            "rowId": "Requirement 2: The credential must have the correct type (Invalid)"
          },
          "duration": 1120,
          "state": "passed",
          "speed": "slow"
        },
        {
          "type": "test",
          "title": "Requirement 3: The credential must have a valid issuance date (Valid)",
          "body": "async function() {\n          if (!features[requiredFeature]) {\n            console.log(`Skipping test \"${testName}\" for ${i.name} due to missing feature: ${requiredFeature}`);\n            this.skip();\n            return;\n          }\n\n          console.log(`Running test: ${testName} for implementation: ${i.name}`);\n          await generateTestResults(i.name, testConfig);\n          this.test.cell = {columnId: i.name, rowId: testName};\n          const result = await checkTestResults(i.name, testConfig);\n          console.log(`Test result for ${i.name} - ${testName}: ${result}`);\n          should.equal(result, testConfig.expected_result);\n\n          // Log the test result in a format that matches the report generator's expectations\n          console.log(`Reporter data: ${this.test.cell.columnId},${this.test.cell.rowId},${result}`);\n        }",
          "async": 0,
          "sync": true,
          "_timeout": 150000,
          "_slow": 75,
          "_retries": -1,
          "timedOut": false,
          "_currentRetry": 0,
          "pending": false,
          "file": "/home/runner/work/vc-test-suite-template/vc-test-suite-template/tests/test-runner.js",
          "parent": "Z78JxbhFJbFVIdqBAxC9s",
          "ctx": null,
          "_testId": "urn:uuid:99262e8e-87e3-46d6-94fc-821d690d56e5",
          "_events": {},
          "_eventsCount": 1,
          "timer": {
            "_idleTimeout": -1,
            "_idlePrev": null,
            "_idleNext": null,
            "_idleStart": 37009,
            "_onTimeout": null,
            "_repeat": null,
            "_destroyed": true
          },
          "cell": {
            "columnId": "example-sdk",
            "rowId": "Requirement 3: The credential must have a valid issuance date (Valid)"
          },
          "duration": 1124,
          "state": "passed",
          "speed": "slow"
        },
        {
          "type": "test",
          "title": "Requirement 3: The credential must have a valid issuance date (Invalid)",
          "body": "async function() {\n          if (!features[requiredFeature]) {\n            console.log(`Skipping test \"${testName}\" for ${i.name} due to missing feature: ${requiredFeature}`);\n            this.skip();\n            return;\n          }\n\n          console.log(`Running test: ${testName} for implementation: ${i.name}`);\n          await generateTestResults(i.name, testConfig);\n          this.test.cell = {columnId: i.name, rowId: testName};\n          const result = await checkTestResults(i.name, testConfig);\n          console.log(`Test result for ${i.name} - ${testName}: ${result}`);\n          should.equal(result, testConfig.expected_result);\n\n          // Log the test result in a format that matches the report generator's expectations\n          console.log(`Reporter data: ${this.test.cell.columnId},${this.test.cell.rowId},${result}`);\n        }",
          "async": 0,
          "sync": true,
          "_timeout": 150000,
          "_slow": 75,
          "_retries": -1,
          "timedOut": false,
          "_currentRetry": 0,
          "pending": false,
          "file": "/home/runner/work/vc-test-suite-template/vc-test-suite-template/tests/test-runner.js",
          "parent": "Z78JxbhFJbFVIdqBAxC9s",
          "ctx": null,
          "_testId": "urn:uuid:cac137dc-20e0-4e2a-8a7a-bb90d5ef632d",
          "_events": {},
          "_eventsCount": 1,
          "timer": {
            "_idleTimeout": -1,
            "_idlePrev": null,
            "_idleNext": null,
            "_idleStart": 38120,
            "_onTimeout": null,
            "_repeat": null,
            "_destroyed": true
          },
          "cell": {
            "columnId": "example-sdk",
            "rowId": "Requirement 3: The credential must have a valid issuance date (Invalid)"
          },
          "duration": 1110,
          "state": "passed",
          "speed": "slow"
        },
        {
          "type": "test",
          "title": "Requirement 1: The credential must have a valid identifier (Valid)",
          "body": "async function() {\n          if (!features[requiredFeature]) {\n            console.log(`Skipping test \"${testName}\" for ${i.name} due to missing feature: ${requiredFeature}`);\n            this.skip();\n            return;\n          }\n\n          console.log(`Running test: ${testName} for implementation: ${i.name}`);\n          await generateTestResults(i.name, testConfig);\n          this.test.cell = {columnId: i.name, rowId: testName};\n          const result = await checkTestResults(i.name, testConfig);\n          console.log(`Test result for ${i.name} - ${testName}: ${result}`);\n          should.equal(result, testConfig.expected_result);\n\n          // Log the test result in a format that matches the report generator's expectations\n          console.log(`Reporter data: ${this.test.cell.columnId},${this.test.cell.rowId},${result}`);\n        }",
          "async": 0,
          "sync": true,
          "_timeout": 150000,
          "_slow": 75,
          "_retries": -1,
          "timedOut": false,
          "_currentRetry": 0,
          "pending": false,
          "file": "/home/runner/work/vc-test-suite-template/vc-test-suite-template/tests/test-runner.js",
          "parent": "veREcfCJWyNUD1gzJgeqG",
          "ctx": null,
          "_testId": "urn:uuid:6ae24849-33c6-489b-8683-78a9aff229b9",
          "_events": {},
          "_eventsCount": 1,
          "timer": {
            "_idleTimeout": -1,
            "_idlePrev": null,
            "_idleNext": null,
            "_idleStart": 66929,
            "_onTimeout": null,
            "_repeat": null,
            "_destroyed": true
          },
          "cell": {
            "columnId": "example-server",
            "rowId": "Requirement 1: The credential must have a valid identifier (Valid)"
          },
          "duration": 28808,
          "state": "passed",
          "speed": "slow"
        },
        {
          "type": "test",
          "title": "Requirement 1: The credential must have a valid identifier (Invalid)",
          "body": "async function() {\n          if (!features[requiredFeature]) {\n            console.log(`Skipping test \"${testName}\" for ${i.name} due to missing feature: ${requiredFeature}`);\n            this.skip();\n            return;\n          }\n\n          console.log(`Running test: ${testName} for implementation: ${i.name}`);\n          await generateTestResults(i.name, testConfig);\n          this.test.cell = {columnId: i.name, rowId: testName};\n          const result = await checkTestResults(i.name, testConfig);\n          console.log(`Test result for ${i.name} - ${testName}: ${result}`);\n          should.equal(result, testConfig.expected_result);\n\n          // Log the test result in a format that matches the report generator's expectations\n          console.log(`Reporter data: ${this.test.cell.columnId},${this.test.cell.rowId},${result}`);\n        }",
          "async": 0,
          "sync": true,
          "_timeout": 150000,
          "_slow": 75,
          "_retries": -1,
          "timedOut": false,
          "_currentRetry": 0,
          "pending": false,
          "file": "/home/runner/work/vc-test-suite-template/vc-test-suite-template/tests/test-runner.js",
          "parent": "veREcfCJWyNUD1gzJgeqG",
          "ctx": null,
          "_testId": "urn:uuid:b7b7e516-ef06-4b3d-adcf-4b3431d6a52e",
          "_events": {},
          "_eventsCount": 1,
          "timer": {
            "_idleTimeout": -1,
            "_idlePrev": null,
            "_idleNext": null,
            "_idleStart": 70134,
            "_onTimeout": null,
            "_repeat": null,
            "_destroyed": true
          },
          "cell": {
            "columnId": "example-server",
            "rowId": "Requirement 1: The credential must have a valid identifier (Invalid)"
          },
          "duration": 3205,
          "state": "passed",
          "speed": "slow"
        },
        {
          "type": "test",
          "title": "Requirement 2: The credential must have the correct type (Valid)",
          "body": "async function() {\n          if (!features[requiredFeature]) {\n            console.log(`Skipping test \"${testName}\" for ${i.name} due to missing feature: ${requiredFeature}`);\n            this.skip();\n            return;\n          }\n\n          console.log(`Running test: ${testName} for implementation: ${i.name}`);\n          await generateTestResults(i.name, testConfig);\n          this.test.cell = {columnId: i.name, rowId: testName};\n          const result = await checkTestResults(i.name, testConfig);\n          console.log(`Test result for ${i.name} - ${testName}: ${result}`);\n          should.equal(result, testConfig.expected_result);\n\n          // Log the test result in a format that matches the report generator's expectations\n          console.log(`Reporter data: ${this.test.cell.columnId},${this.test.cell.rowId},${result}`);\n        }",
          "async": 0,
          "sync": true,
          "_timeout": 150000,
          "_slow": 75,
          "_retries": -1,
          "timedOut": false,
          "_currentRetry": 0,
          "pending": true,
          "file": "/home/runner/work/vc-test-suite-template/vc-test-suite-template/tests/test-runner.js",
          "parent": "veREcfCJWyNUD1gzJgeqG",
          "ctx": null,
          "_testId": "urn:uuid:f0d1b407-e598-4d03-b520-7e89cede1f81",
          "_events": {},
          "_eventsCount": 1,
          "timer": {
            "_idleTimeout": -1,
            "_idlePrev": null,
            "_idleNext": null,
            "_idleStart": 70286,
            "_onTimeout": null,
            "_repeat": null,
            "_destroyed": true
          },
          "duration": 0,
          "state": "pending"
        },
        {
          "type": "test",
          "title": "Requirement 2: The credential must have the correct type (Invalid)",
          "body": "async function() {\n          if (!features[requiredFeature]) {\n            console.log(`Skipping test \"${testName}\" for ${i.name} due to missing feature: ${requiredFeature}`);\n            this.skip();\n            return;\n          }\n\n          console.log(`Running test: ${testName} for implementation: ${i.name}`);\n          await generateTestResults(i.name, testConfig);\n          this.test.cell = {columnId: i.name, rowId: testName};\n          const result = await checkTestResults(i.name, testConfig);\n          console.log(`Test result for ${i.name} - ${testName}: ${result}`);\n          should.equal(result, testConfig.expected_result);\n\n          // Log the test result in a format that matches the report generator's expectations\n          console.log(`Reporter data: ${this.test.cell.columnId},${this.test.cell.rowId},${result}`);\n        }",
          "async": 0,
          "sync": true,
          "_timeout": 150000,
          "_slow": 75,
          "_retries": -1,
          "timedOut": false,
          "_currentRetry": 0,
          "pending": true,
          "file": "/home/runner/work/vc-test-suite-template/vc-test-suite-template/tests/test-runner.js",
          "parent": "veREcfCJWyNUD1gzJgeqG",
          "ctx": null,
          "_testId": "urn:uuid:a02d39df-8336-48f6-b331-f533aab0eb17",
          "_events": {},
          "_eventsCount": 1,
          "timer": {
            "_idleTimeout": -1,
            "_idlePrev": null,
            "_idleNext": null,
            "_idleStart": 70286,
            "_onTimeout": null,
            "_repeat": null,
            "_destroyed": true
          },
          "duration": 0,
          "state": "pending"
        },
        {
          "type": "test",
          "title": "Requirement 3: The credential must have a valid issuance date (Valid)",
          "body": "async function() {\n          if (!features[requiredFeature]) {\n            console.log(`Skipping test \"${testName}\" for ${i.name} due to missing feature: ${requiredFeature}`);\n            this.skip();\n            return;\n          }\n\n          console.log(`Running test: ${testName} for implementation: ${i.name}`);\n          await generateTestResults(i.name, testConfig);\n          this.test.cell = {columnId: i.name, rowId: testName};\n          const result = await checkTestResults(i.name, testConfig);\n          console.log(`Test result for ${i.name} - ${testName}: ${result}`);\n          should.equal(result, testConfig.expected_result);\n\n          // Log the test result in a format that matches the report generator's expectations\n          console.log(`Reporter data: ${this.test.cell.columnId},${this.test.cell.rowId},${result}`);\n        }",
          "async": 0,
          "sync": true,
          "_timeout": 150000,
          "_slow": 75,
          "_retries": -1,
          "timedOut": false,
          "_currentRetry": 0,
          "pending": false,
          "file": "/home/runner/work/vc-test-suite-template/vc-test-suite-template/tests/test-runner.js",
          "parent": "veREcfCJWyNUD1gzJgeqG",
          "ctx": null,
          "_testId": "urn:uuid:5615d470-1f7b-4754-b71e-c0ed89efcc3b",
          "_events": {},
          "_eventsCount": 1,
          "timer": {
            "_idleTimeout": -1,
            "_idlePrev": null,
            "_idleNext": null,
            "_idleStart": 73324,
            "_onTimeout": null,
            "_repeat": null,
            "_destroyed": true
          },
          "cell": {
            "columnId": "example-server",
            "rowId": "Requirement 3: The credential must have a valid issuance date (Valid)"
          },
          "duration": 3189,
          "state": "passed",
          "speed": "slow"
        },
        {
          "type": "test",
          "title": "Requirement 3: The credential must have a valid issuance date (Invalid)",
          "body": "async function() {\n          if (!features[requiredFeature]) {\n            console.log(`Skipping test \"${testName}\" for ${i.name} due to missing feature: ${requiredFeature}`);\n            this.skip();\n            return;\n          }\n\n          console.log(`Running test: ${testName} for implementation: ${i.name}`);\n          await generateTestResults(i.name, testConfig);\n          this.test.cell = {columnId: i.name, rowId: testName};\n          const result = await checkTestResults(i.name, testConfig);\n          console.log(`Test result for ${i.name} - ${testName}: ${result}`);\n          should.equal(result, testConfig.expected_result);\n\n          // Log the test result in a format that matches the report generator's expectations\n          console.log(`Reporter data: ${this.test.cell.columnId},${this.test.cell.rowId},${result}`);\n        }",
          "async": 0,
          "sync": true,
          "_timeout": 150000,
          "_slow": 75,
          "_retries": -1,
          "timedOut": false,
          "_currentRetry": 0,
          "pending": false,
          "file": "/home/runner/work/vc-test-suite-template/vc-test-suite-template/tests/test-runner.js",
          "parent": "veREcfCJWyNUD1gzJgeqG",
          "ctx": null,
          "_testId": "urn:uuid:f1f7dfc1-03a5-40fd-871b-91b0e5a56b33",
          "_events": {},
          "_eventsCount": 1,
          "timer": {
            "_idleTimeout": -1,
            "_idlePrev": null,
            "_idleNext": null,
            "_idleStart": 76465,
            "_onTimeout": null,
            "_repeat": null,
            "_destroyed": true
          },
          "cell": {
            "columnId": "example-server",
            "rowId": "Requirement 3: The credential must have a valid issuance date (Invalid)"
          },
          "duration": 3141,
          "state": "passed",
          "speed": "slow"
        }
      ],
      "root": false,
      "pending": false,
      "_retries": -1,
      "_beforeEach": [],
      "_beforeAll": [],
      "_afterEach": [],
      "_afterAll": [],
      "_timeout": 150000,
      "_slow": 75,
      "_bail": false,
      "_onlyTests": [],
      "_onlySuites": [],
      "delayed": false,
      "parent": "ylhblwQYkiIYdzqdgkmvp",
      "file": "/home/runner/work/vc-test-suite-template/vc-test-suite-template/tests/test-runner.js",
      "matrix": true,
      "report": true,
      "implemented": [
        "example-sdk",
        "example-server"
      ],
      "rowLabel": "Test Name",
      "columnLabel": "Implementation",
      "_testId": "urn:uuid:d6670327-d801-4438-9837-15fa74ebdcd1"
    }
  ],
  "tests": [],
  "root": true,
  "pending": false,
  "_retries": -1,
  "_beforeEach": [],
  "_beforeAll": [],
  "_afterEach": [],
  "_afterAll": [],
  "_timeout": 150000,
  "_slow": 75,
  "_bail": false,
  "_onlyTests": [],
  "_onlySuites": [],
  "delayed": false,
  "_events": {
    "pre-require": [
      null,
      null
    ]
  },
  "_eventsCount": 1,
  "_testId": "urn:uuid:5a0604d3-de67-4f0c-88b4-c7532039901a"
}